<?xml version="1.0" encoding="UTF-8"?>
<!-- Generated by org.testng.reporters.JUnitXMLReporter -->
<testsuite hostname="Homestudio" ignored="0" name="Register Functionality" tests="3" failures="0" timestamp="2022-09-30T20:06:59 EDT" time="0.25" errors="0">
  <testcase name="test1" time="0.023" classname="com.noorteck.qa.test.ParameterTest"/>
  <testcase name="test2" time="0.002" classname="com.noorteck.qa.test.ParameterTest"/>
  <testcase name="test3" time="0.004" classname="com.noorteck.qa.test.ParameterTest"/>
</testsuite> <!-- Register Functionality -->
