<?xml version="1.0" encoding="UTF-8"?>
<!-- Generated by org.testng.reporters.JUnitXMLReporter -->
<testsuite hostname="Homestudio" ignored="0" name="parallel  method example" tests="4" failures="0" timestamp="2022-10-02T19:51:15 EDT" time="55.87" errors="0">
  <testcase name="test1" time="14.899" classname="com.noorteck.qa.test.EbayTest"/>
  <testcase name="test2" time="13.472" classname="com.noorteck.qa.test.EbayTest"/>
  <testcase name="test3" time="13.537" classname="com.noorteck.qa.test.EbayTest"/>
  <testcase name="test4" time="13.907" classname="com.noorteck.qa.test.EbayTest"/>
</testsuite> <!-- parallel  method example -->
