<?xml version="1.0" encoding="UTF-8"?>
<!-- Generated by org.testng.reporters.JUnitXMLReporter -->
<testsuite hostname="Homestudio" ignored="0" name="Amazon" tests="4" failures="0" timestamp="2022-10-02T20:03:01 EDT" time="96.659" errors="0">
  <testcase name="test1" time="30.658" classname="com.noorteck.qa.test.AmazonTest"/>
  <testcase name="test2" time="25.038" classname="com.noorteck.qa.test.AmazonTest"/>
  <testcase name="test3" time="23.866" classname="com.noorteck.qa.test.AmazonTest"/>
  <testcase name="test4" time="17.028" classname="com.noorteck.qa.test.AmazonTest"/>
</testsuite> <!-- Amazon -->
