<?xml version="1.0" encoding="UTF-8"?>
<!-- Generated by org.testng.reporters.JUnitXMLReporter -->
<testsuite hostname="Homestudio" ignored="0" name="EBAY" tests="8" failures="0" timestamp="2022-10-02T20:16:46 EDT" time="91.791" errors="0">
  <testcase name="test1" time="20.006" classname="com.noorteck.qa.test.EbayTest"/>
  <testcase name="test1" time="24.975" classname="com.noorteck.qa.test.AmazonTest"/>
  <testcase name="test2" time="18.068" classname="com.noorteck.qa.test.EbayTest"/>
  <testcase name="test2" time="21.385" classname="com.noorteck.qa.test.AmazonTest"/>
  <testcase name="test3" time="18.02" classname="com.noorteck.qa.test.EbayTest"/>
  <testcase name="test3" time="24.143" classname="com.noorteck.qa.test.AmazonTest"/>
  <testcase name="test4" time="26.164" classname="com.noorteck.qa.test.EbayTest"/>
  <testcase name="test4" time="21.21" classname="com.noorteck.qa.test.AmazonTest"/>
</testsuite> <!-- EBAY -->
